============================= test session starts =============================
platform win32 -- Python 3.12.0, pytest-9.0.3, pluggy-1.6.0 -- C:\Program Files\Python312\python.exe
cachedir: .pytest_cache
Fugue tests will be initialized with options:
PySide6 6.10.2 -- Qt runtime 6.10.2 -- Qt compiled 6.10.2
rootdir: C:\Users\Administrator\Desktop\Neuro Alexander
plugins: fugue-0.9.4, langsmith-0.6.2, asyncio-0.23.6, base-url-2.1.0, mock-3.15.1, playwright-0.7.2, qt-4.5.0, timeout-2.4.0, xdist-3.8.0, anyio-4.10.0
asyncio: mode=Mode.STRICT
collecting ... collected 89 items

tests/test_domain_security.py::TestDomainSecurity::test_01_fts_sanitizer_basic PASSED [  1%]
tests/test_domain_security.py::TestDomainSecurity::test_02_path_traversal_containment SKIPPED [  2%]
tests/test_domain_security.py::TestDomainSecurity::test_03_angle_unbalanced_quotes_sanitization PASSED [  3%]
tests/test_domain_security.py::TestDomainSecurity::test_04_angle_multibyte_utf8_strings PASSED [  4%]
tests/test_domain_security.py::TestDomainSecurity::test_05_angle_fts_injection_resilience PASSED [  5%]
tests/test_domain_security.py::TestDomainSecurity::test_06_angle_active_watcher_mtime_resolution PASSED [  6%]
tests/test_domain_security.py::TestDomainSecurity::test_07_angle_unicode_whitespace_regex PASSED [  7%]
tests/test_domain_security.py::TestDomainSecurity::test_08_simulation_symlink_escape_containment PASSED [  8%]
tests/test_domain_security.py::TestDomainSecurity::test_09_simulation_xss_script_injection_sanitization PASSED [ 10%]
tests/test_domain_architecture.py::TestDomainArchitecture::test_01_architecture_compliance_score SKIPPED [ 11%]
tests/test_domain_rag.py::TestDomainRAG::test_01_extract_rag_context_hybrid_rrf SKIPPED [ 12%]
tests/test_domain_rag.py::TestDomainRAG::test_02_rag_stream_sse_endpoint PASSED [ 13%]
tests/test_domain_rag.py::TestDomainRAG::test_03_empty_query_rag_fallback PASSED [ 14%]
tests/test_domain_rag.py::TestDomainRAG::test_04_hyde_query_expansion_resilience PASSED [ 15%]
tests/test_domain_rag.py::TestDomainRAG::test_05_jaccard_deduplication_and_thresholding PASSED [ 16%]
tests/test_domain_rag.py::TestDomainRAG::test_06_rag_dynamic_hyperparameters_and_auto_defrag PASSED [ 17%]
tests/test_domain_rag.py::TestDomainRAG::test_07_chat_stream_sse_endpoint_and_turn_persistence PASSED [ 19%]
tests/test_domain_rag.py::TestDomainRAG::test_08_chat_stream_web_search_trigger PASSED [ 20%]
tests/test_domain_rag.py::TestDomainRAG::test_09_hierarchical_parent_child_chunking PASSED [ 21%]
tests/test_domain_rag.py::TestDomainRAG::test_10_multihop_query_decomposition PASSED [ 22%]
tests/test_domain_rag.py::TestDomainRAG::test_11_precision_cross_reranking_and_recency_decay PASSED [ 23%]
tests/test_domain_rag.py::TestDomainRAG::test_12_porter_stemmer_and_synonyms PASSED [ 24%]
tests/test_domain_rag.py::TestDomainRAG::test_13_metadata_filter_parsing_and_sentence_trimming PASSED [ 25%]
tests/test_domain_accessibility.py::TestDomainAccessibility::test_01_all_images_have_alt_attributes SKIPPED [ 26%]
tests/test_domain_accessibility.py::TestDomainAccessibility::test_02_all_inputs_have_accessible_identifiers SKIPPED [ 28%]
tests/test_domain_accessibility.py::TestDomainAccessibility::test_03_heading_hierarchy_single_h1 SKIPPED [ 29%]
tests/test_domain_accessibility.py::TestDomainAccessibility::test_04_html_lang_attribute_present SKIPPED [ 30%]
tests/test_domain_accessibility.py::TestDomainAccessibility::test_05_meta_viewport_user_scalable_safety SKIPPED [ 31%]
tests/test_domain_localization.py::TestDomainLocalization::test_01_unicode_nfc_nfd_normalization_equivalence SKIPPED [ 32%]
tests/test_domain_localization.py::TestDomainLocalization::test_02_arabic_rtl_and_cjk_tokenization SKIPPED [ 33%]
tests/test_domain_localization.py::TestDomainLocalization::test_03_german_compound_word_string_expansion SKIPPED [ 34%]
tests/test_domain_localization.py::TestDomainLocalization::test_04_zwj_family_emoji_indexing SKIPPED [ 35%]
tests/test_domain_contract_chaos.py::TestDomainContractChaos::test_01_openapi_schema_contract_validity SKIPPED [ 37%]
tests/test_domain_contract_chaos.py::TestDomainContractChaos::test_02_p95_latency_performance_budget_guard SKIPPED [ 38%]
tests/test_domain_contract_chaos.py::TestDomainContractChaos::test_03_network_fault_injection_and_error_contract SKIPPED [ 39%]
tests/test_domain_contract_chaos.py::TestDomainContractChaos::test_04_system_env_contract_fields SKIPPED [ 40%]
tests/test_empirical_challenger_final.py::TestEmpiricalChallengerFinal::test_01_corporate_navigation_tabs SKIPPED [ 41%]
tests/test_empirical_challenger_final.py::TestEmpiricalChallengerFinal::test_02_theme_toggle_contrast SKIPPED [ 42%]
tests/test_empirical_challenger_final.py::TestEmpiricalChallengerFinal::test_03_file_tree_navigation SKIPPED [ 43%]
tests/test_empirical_challenger_final.py::TestEmpiricalChallengerFinal::test_04_search_autocomplete SKIPPED [ 44%]
tests/test_empirical_challenger_final.py::TestEmpiricalChallengerFinal::test_05_concept_graph_zoom_controls SKIPPED [ 46%]
tests/test_empirical_challenger_final.py::TestEmpiricalChallengerFinal::test_06_rag_chat_assistant SKIPPED [ 47%]
tests/test_empirical_challenger_final.py::TestEmpiricalChallengerFinal::test_07_admin_console_panels SKIPPED [ 48%]
tests/test_empirical_challenger_final.py::TestEmpiricalChallengerFinal::test_08_visual_toasts_and_zero_silent_failures SKIPPED [ 49%]
tests/test_adversarial_ui_stress.py::TestAdversarialUIStress::test_01_rapid_tab_toggle_stress SKIPPED [ 50%]
tests/test_adversarial_ui_stress.py::TestAdversarialUIStress::test_02_adversarial_unbalanced_quotes_search_query SKIPPED [ 51%]
tests/test_adversarial_ui_stress.py::TestAdversarialUIStress::test_03_canvas_zoom_stress_bounds SKIPPED [ 52%]
tests/test_adversarial_ui_stress.py::TestAdversarialUIStress::test_04_dom_selector_compliance_and_error_tally SKIPPED [ 53%]
tests/test_adversarial_challenger_2.py::TestAdversarialChallenger2::test_01_api_stats_against_db SKIPPED [ 55%]
tests/test_adversarial_challenger_2.py::TestAdversarialChallenger2::test_02_recent_searches_click_behavior SKIPPED [ 56%]
tests/test_adversarial_i3.py::TestAdversarialI3::test_01_watcher_thread_bypassed SKIPPED [ 57%]
tests/test_adversarial_i3.py::TestAdversarialI3::test_02_cache_no_empty_when_indexing PASSED [ 58%]
tests/test_adversarial_i3.py::TestAdversarialI3::test_03_frontend_graph_adversarial SKIPPED [ 59%]
tests/test_domain_workflow_triggers.py::TestDomainWorkflowTriggers::test_01_database_crud_operations SKIPPED [ 60%]
tests/test_domain_workflow_triggers.py::TestDomainWorkflowTriggers::test_02_condition_matching_engine PASSED [ 61%]
tests/test_domain_workflow_triggers.py::TestDomainWorkflowTriggers::test_03_webhook_dispatcher_signing_and_retries PASSED [ 62%]
tests/test_domain_workflow_triggers.py::TestDomainWorkflowTriggers::test_04_rest_api_trigger_lifecycle PASSED [ 64%]
tests/test_domain_workflow_triggers.py::TestDomainWorkflowTriggers::test_05_rest_api_event_trigger_and_logs SKIPPED [ 65%]
tests/test_e2e_analytics_graph_workflows.py::TestR1AnalyticsIntelligence::test_01_analytics_metrics_calculator_unit PASSED [ 66%]
tests/test_e2e_analytics_graph_workflows.py::TestR1AnalyticsIntelligence::test_02_analytics_storage_usage_bva PASSED [ 67%]
tests/test_e2e_analytics_graph_workflows.py::TestR1AnalyticsIntelligence::test_03_analytics_summary_endpoint SKIPPED [ 68%]
tests/test_e2e_analytics_graph_workflows.py::TestR1AnalyticsIntelligence::test_04_analytics_storage_endpoint SKIPPED [ 69%]
tests/test_e2e_analytics_graph_workflows.py::TestR1AnalyticsIntelligence::test_05_analytics_tags_endpoint_and_cache_invalidation SKIPPED [ 70%]
tests/test_e2e_analytics_graph_workflows.py::TestR1AnalyticsIntelligence::test_06_analytics_search_activity_logger_integration SKIPPED [ 71%]
tests/test_e2e_analytics_graph_workflows.py::TestR2KnowledgeGraphWikilinks::test_01_wikilink_parser_regex_isolation PASSED [ 73%]
tests/test_e2e_analytics_graph_workflows.py::TestR2KnowledgeGraphWikilinks::test_02_wikilink_unresolved_target_handling PASSED [ 74%]
tests/test_e2e_analytics_graph_workflows.py::TestR2KnowledgeGraphWikilinks::test_03_graph_adjacency_matrix_builder PASSED [ 75%]
tests/test_e2e_analytics_graph_workflows.py::TestR2KnowledgeGraphWikilinks::test_04_graph_cluster_algorithm_partition PASSED [ 76%]
tests/test_e2e_analytics_graph_workflows.py::TestR2KnowledgeGraphWikilinks::test_05_graph_data_endpoint PASSED [ 77%]
tests/test_e2e_analytics_graph_workflows.py::TestR2KnowledgeGraphWikilinks::test_06_graph_nodes_and_edges_endpoints PASSED [ 78%]
tests/test_e2e_analytics_graph_workflows.py::TestR2KnowledgeGraphWikilinks::test_07_graph_wikilinks_and_clusters_endpoints PASSED [ 79%]
tests/test_e2e_analytics_graph_workflows.py::TestR2KnowledgeGraphWikilinks::test_08_graph_1000_node_performance_benchmark PASSED [ 80%]
tests/test_e2e_analytics_graph_workflows.py::TestR3WorkflowTriggersWebhooks::test_01_workflow_rule_evaluator_unit PASSED [ 82%]
tests/test_e2e_analytics_graph_workflows.py::TestR3WorkflowTriggersWebhooks::test_02_workflow_trigger_confidence_bva PASSED [ 83%]
tests/test_e2e_analytics_graph_workflows.py::TestR3WorkflowTriggersWebhooks::test_03_webhook_payload_formatter_and_hmac PASSED [ 84%]
tests/test_e2e_analytics_graph_workflows.py::TestR3WorkflowTriggersWebhooks::test_04_webhook_retry_backoff_calculator PASSED [ 85%]
tests/test_e2e_analytics_graph_workflows.py::TestR3WorkflowTriggersWebhooks::test_05_workflow_rules_crud_api PASSED [ 86%]
tests/test_e2e_analytics_graph_workflows.py::TestR3WorkflowTriggersWebhooks::test_06_workflow_test_fire_endpoint PASSED [ 87%]
tests/test_e2e_analytics_graph_workflows.py::TestE2EAnalyticsGraphWorkflowsScenario::test_01_scenario_enterprise_ingest_analytics_graph_workflow SKIPPED [ 88%]
tests/test_domain_p2p_sync.py::TestDomainP2PSync::test_01_multicast_beacon_lifecycle PASSED [ 89%]
tests/test_domain_p2p_sync.py::TestDomainP2PSync::test_02_get_local_document_hashes PASSED [ 91%]
tests/test_domain_p2p_sync.py::TestDomainP2PSync::test_03_compute_sync_delta_categorization PASSED [ 92%]
tests/test_domain_p2p_sync.py::TestDomainP2PSync::test_04_api_sync_hashes_endpoint PASSED [ 93%]
tests/test_domain_p2p_sync.py::TestDomainP2PSync::test_05_api_sync_delta_endpoint PASSED [ 94%]
tests/test_domain_p2p_sync.py::TestDomainP2PSync::test_06_api_sync_exchange_unreachable_peer_logging FAILED [ 95%]
tests/test_domain_p2p_sync.py::TestDomainP2PSync::test_07_api_sync_exchange_successful_delta_flow SKIPPED [ 96%]
tests/test_domain_backup_auth_theme.py::TestDomainBackupAuthTheme::test_01_sqlite_online_backup_and_restore SKIPPED [ 97%]
tests/test_domain_backup_auth_theme.py::TestDomainBackupAuthTheme::test_02_verify_api_key_auth_guard_toggle PASSED [ 98%]
tests/test_domain_backup_auth_theme.py::TestDomainBackupAuthTheme::test_03_theme_toggle_persistence_contract SKIPPED [100%]

================================== FAILURES ===================================
____ TestDomainP2PSync.test_06_api_sync_exchange_unreachable_peer_logging _____

self = <tests.test_domain_p2p_sync.TestDomainP2PSync testMethod=test_06_api_sync_exchange_unreachable_peer_logging>

    def test_06_api_sync_exchange_unreachable_peer_logging(self):
        """
        Contract: POST /api/sync/exchange returns 500 when peer is unreachable and logs failure into sync_logs.
        """
        response = self.client.post("/api/sync/exchange", json={"target_peer": "http://127.0.0.1:9999"})
>       self.assertEqual(response.status_code, 500)
E       AssertionError: 200 != 500

tests\test_domain_p2p_sync.py:161: AssertionError
------------------------------ Captured log call ------------------------------
WARNING  root:p2p_sync.py:114 Swallowed error in p2p_sync.py: timed out
WARNING  src.app.routers.tags:tags.py:507 Swallowed error in tags.py
WARNING  src.app.routers.tags:tags.py:566 Swallowed error in tags.py manifest fallback 2
============================== warnings summary ===============================
..\..\AppData\Roaming\Python\Python312\site-packages\_pytest\config\__init__.py:1310
  C:\Users\Administrator\AppData\Roaming\Python\Python312\site-packages\_pytest\config\__init__.py:1310: PytestConfigWarning: assertions not in test modules or plugins will be ignored because assert statements are not executed by the underlying Python interpreter (are you using python -O?)
  
    self._warn_about_missing_assertion(mode)

..\..\AppData\Roaming\Python\Python312\site-packages\fastapi\testclient.py:1
  C:\Users\Administrator\AppData\Roaming\Python\Python312\site-packages\fastapi\testclient.py:1: StarletteDeprecationWarning: Using `httpx` with `starlette.testclient` is deprecated; install `httpx2` instead.
    from starlette.testclient import TestClient as TestClient  # noqa

tests/test_domain_security.py: 8 warnings
tests/test_domain_rag.py: 12 warnings
tests/test_adversarial_i3.py: 1 warning
tests/test_e2e_analytics_graph_workflows.py: 16 warnings
  C:\Users\Administrator\Desktop\Neuro Alexander\tests\conftest.py:37: DeprecationWarning: onerror argument is deprecated, use onexc instead
    _orig_shutil_rmtree(path, *args, **kwargs)

tests/test_adversarial_i3.py: 1 warning
tests/test_domain_workflow_triggers.py: 1 warning
tests/test_e2e_analytics_graph_workflows.py: 5 warnings
tests/test_domain_p2p_sync.py: 3 warnings
  C:\Users\Administrator\AppData\Roaming\Python\Python312\site-packages\fastapi\routing.py:144: FastAPIDeprecationWarning: UJSONResponse is deprecated, FastAPI now serializes data directly to JSON bytes via Pydantic when a return type or response model is set, which is faster and doesn't need a custom response class. Read more in the FastAPI docs: https://fastapi.tiangolo.com/advanced/custom-response/#orjson-or-response-model and https://fastapi.tiangolo.com/tutorial/response-model/
    response = await f(request)

-- Docs: https://docs.pytest.org/en/stable/how-to/capture-warnings.html
=========================== short test summary info ===========================
FAILED tests/test_domain_p2p_sync.py::TestDomainP2PSync::test_06_api_sync_exchange_unreachable_peer_logging
=========== 1 failed, 46 passed, 42 skipped, 49 warnings in 16.26s ============
