<?xml version='1.0' encoding='utf-8'?>
<testsuites name="UroborosDomainTests" time="28.9048"><testsuite name="test_domain_db" tests="10" failures="0" errors="0" skipped="0" time="0.3763" /><testsuite name="test_domain_vector" tests="42" failures="0" errors="0" skipped="0" time="1.2595" /><testsuite name="test_domain_ingestion" tests="9" failures="0" errors="0" skipped="0" time="0.357" /><testsuite name="test_domain_api" tests="13" failures="0" errors="0" skipped="0" time="1.433" /><testsuite name="test_domain_llm" tests="5" failures="0" errors="0" skipped="0" time="0.1358" /><testsuite name="test_domain_security" tests="9" failures="0" errors="0" skipped="1" time="0.1635" /><testsuite name="test_domain_performance" tests="4" failures="0" errors="0" skipped="0" time="0.1104" /><testsuite name="test_domain_architecture" tests="1" failures="0" errors="0" skipped="1" time="0.001" /><testsuite name="test_domain_chaos" tests="3" failures="0" errors="0" skipped="0" time="0.1696" /><testsuite name="test_domain_soc2" tests="5" failures="0" errors="0" skipped="0" time="2.9168" /><testsuite name="test_domain_mutation" tests="2" failures="0" errors="0" skipped="0" time="0.0413" /><testsuite name="test_domain_rag" tests="13" failures="0" errors="0" skipped="0" time="1.8016" /><testsuite name="test_domain_desktop" tests="6" failures="0" errors="0" skipped="0" time="0.0711" /><testsuite name="test_domain_expanded_coverage" tests="25" failures="0" errors="0" skipped="0" time="0.6368" /><testsuite name="test_fundamental_adversarial_matrix" tests="20" failures="0" errors="0" skipped="0" time="0.7984" /><testsuite name="test_deep_fuzzing_and_concurrency" tests="20" failures="0" errors="0" skipped="0" time="0.7323" /><testsuite name="test_domain_metamorphic" tests="6" failures="0" errors="0" skipped="0" time="0.5199" /><testsuite name="test_domain_accessibility" tests="5" failures="0" errors="0" skipped="5" time="0.0016" /><testsuite name="test_domain_localization" tests="4" failures="0" errors="0" skipped="4" time="0.0016" /><testsuite name="test_domain_contract_chaos" tests="4" failures="0" errors="0" skipped="4" time="0.1076" /><testsuite name="test_router_micro_units" tests="18" failures="0" errors="0" skipped="18" time="0.0016" /><testsuite name="test_empirical_challenger_final" tests="8" failures="0" errors="0" skipped="8" time="0.0728" /><testsuite name="test_adversarial_ui_stress" tests="4" failures="0" errors="0" skipped="4" time="1.982" /><testsuite name="test_adversarial_challenger_2" tests="2" failures="0" errors="0" skipped="2" time="0.9184" /><testsuite name="test_adversarial_i3" tests="0" failures="0" errors="1" skipped="0" time="0.6374" /><testsuite name="test_domain_chat_intelligence" tests="5" failures="0" errors="0" skipped="0" time="0.4417" /><testsuite name="test_domain_graph_performance" tests="9" failures="0" errors="0" skipped="0" time="0.6437" /><testsuite name="test_domain_analytics_intelligence" tests="4" failures="0" errors="0" skipped="1" time="0.1381" /><testsuite name="test_domain_workflow_triggers" tests="5" failures="0" errors="0" skipped="2" time="0.5361" /><testsuite name="test_e2e_analytics_graph_workflows" tests="21" failures="0" errors="0" skipped="5" time="6.8209" /><testsuite name="test_domain_ocr_transcription" tests="9" failures="0" errors="0" skipped="0" time="0.7952" /><testsuite name="test_domain_p2p_sync" tests="7" failures="0" errors="0" skipped="1" time="4.2571" /><testsuite name="test_domain_backup_auth_theme" tests="3" failures="0" errors="0" skipped="2" time="0.0201" /></testsuites>