<?xml version='1.0' encoding='utf-8'?>
<testsuites name="UroborosDomainTests" time="26.5272"><testsuite name="test_domain_db" tests="10" failures="0" errors="0" skipped="0" time="0.3042" /><testsuite name="test_domain_vector" tests="42" failures="0" errors="0" skipped="0" time="1.0633" /><testsuite name="test_domain_ingestion" tests="9" failures="0" errors="0" skipped="0" time="0.3082" /><testsuite name="test_domain_api" tests="13" failures="0" errors="0" skipped="0" time="1.3354" /><testsuite name="test_domain_llm" tests="5" failures="0" errors="0" skipped="0" time="0.1002" /><testsuite name="test_domain_security" tests="9" failures="0" errors="0" skipped="1" time="0.1237" /><testsuite name="test_domain_performance" tests="4" failures="0" errors="0" skipped="0" time="0.0895" /><testsuite name="test_domain_architecture" tests="1" failures="0" errors="0" skipped="1" time="0.0014" /><testsuite name="test_domain_chaos" tests="3" failures="0" errors="0" skipped="0" time="0.1601" /><testsuite name="test_domain_soc2" tests="5" failures="0" errors="0" skipped="0" time="2.3114" /><testsuite name="test_domain_mutation" tests="2" failures="0" errors="0" skipped="0" time="0.0278" /><testsuite name="test_domain_rag" tests="13" failures="0" errors="0" skipped="0" time="1.6418" /><testsuite name="test_domain_desktop" tests="6" failures="0" errors="0" skipped="0" time="0.0572" /><testsuite name="test_domain_expanded_coverage" tests="25" failures="0" errors="0" skipped="0" time="0.4871" /><testsuite name="test_fundamental_adversarial_matrix" tests="20" failures="0" errors="0" skipped="0" time="0.6362" /><testsuite name="test_deep_fuzzing_and_concurrency" tests="20" failures="0" errors="0" skipped="0" time="0.627" /><testsuite name="test_domain_metamorphic" tests="6" failures="0" errors="0" skipped="0" time="0.4188" /><testsuite name="test_domain_accessibility" tests="5" failures="0" errors="0" skipped="5" time="0.0011" /><testsuite name="test_domain_localization" tests="4" failures="0" errors="0" skipped="4" time="0.0011" /><testsuite name="test_domain_contract_chaos" tests="4" failures="0" errors="0" skipped="4" time="0.09" /><testsuite name="test_router_micro_units" tests="18" failures="0" errors="0" skipped="18" time="0.0016" /><testsuite name="test_empirical_challenger_final" tests="8" failures="0" errors="0" skipped="8" time="0.0604" /><testsuite name="test_adversarial_ui_stress" tests="4" failures="0" errors="0" skipped="4" time="0.7283" /><testsuite name="test_adversarial_challenger_2" tests="2" failures="0" errors="0" skipped="2" time="0.9168" /><testsuite name="test_adversarial_i3" tests="3" failures="0" errors="0" skipped="2" time="1.5049" /><testsuite name="test_domain_chat_intelligence" tests="5" failures="0" errors="0" skipped="0" time="0.3359" /><testsuite name="test_domain_graph_performance" tests="9" failures="0" errors="0" skipped="0" time="0.561" /><testsuite name="test_domain_analytics_intelligence" tests="4" failures="0" errors="0" skipped="1" time="0.1167" /><testsuite name="test_domain_workflow_triggers" tests="5" failures="0" errors="0" skipped="2" time="0.547" /><testsuite name="test_e2e_analytics_graph_workflows" tests="21" failures="0" errors="0" skipped="5" time="6.8198" /><testsuite name="test_domain_ocr_transcription" tests="9" failures="0" errors="0" skipped="0" time="0.8548" /><testsuite name="test_domain_p2p_sync" tests="7" failures="0" errors="0" skipped="1" time="4.2722" /><testsuite name="test_domain_backup_auth_theme" tests="3" failures="0" errors="0" skipped="2" time="0.0223" /></testsuites>